zeroscroll/modules/screen-time/android/build/intermediates/manifest_merge_blame_file/release/processReleaseManifest/manifest-merger-blame-release-report.txt
1<?xml version="1.0" encoding="utf-8"?>
2<manifest xmlns:android="http://schemas.android.com/apk/res/android"
3    package="expo.modules.screentime" >
4
5    <uses-sdk android:minSdkVersion="24" />
6
7    <uses-permission android:name="android.permission.PACKAGE_USAGE_STATS" />
7-->src/main/AndroidManifest.xml:2:3-75
7-->src/main/AndroidManifest.xml:2:20-73
8
9</manifest>